#
# There is insufficient memory for the Java Runtime Environment to continue.
# Native memory allocation (malloc) failed to allocate 1050016 bytes for Chunk::new
# Possible reasons:
#   The system is out of physical RAM or swap space
#   The process is running with CompressedOops enabled, and the Java Heap may be blocking the growth of the native heap
# Possible solutions:
#   Reduce memory load on the system
#   Increase physical memory or swap space
#   Check if swap backing store is full
#   Decrease Java heap size (-Xmx/-Xms)
#   Decrease number of Java threads
#   Decrease Java thread stack sizes (-Xss)
#   Set larger code cache with -XX:ReservedCodeCacheSize=
#   JVM is running with Unscaled Compressed Oops mode in which the Java heap is
#     placed in the first 4GB address space. The Java Heap base address is the
#     maximum limit for the native heap growth. Please use -XX:HeapBaseMinAddress
#     to set the Java Heap base and to place the Java Heap above 4GB virtual address.
# This output file may be truncated or incomplete.
#
#  Out of Memory Error (allocation.cpp:389), pid=15760, tid=0x0000000000003a9c
#
# JRE version: OpenJDK Runtime Environment (8.0_242-b01) (build 1.8.0_242-release-1644-b01)
# Java VM: OpenJDK 64-Bit Server VM (25.242-b01 mixed mode windows-amd64 compressed oops)
# Failed to write core dump. Minidumps are not enabled by default on client versions of Windows
#

---------------  T H R E A D  ---------------

Current thread (0x0000000017bb1800):  JavaThread "C2 CompilerThread0" daemon [_thread_in_native, id=15004, stack(0x0000000019240000,0x0000000019340000)]

Stack: [0x0000000019240000,0x0000000019340000]
[error occurred during error reporting (printing stack bounds), id 0xc0000005]

Native frames: (J=compiled Java code, j=interpreted, Vv=VM code, C=native code)


Current CompileTask:
C2:  68751 14462 %     4       com.android.tools.r8.ir.regalloc.a::b @ 623 (1365 bytes)


---------------  P R O C E S S  ---------------

Java Threads: ( => current thread )
  0x000000001e170800 JavaThread "WorkerExecutor Queue" [_thread_blocked, id=6232, stack(0x000000002bd20000,0x000000002be20000)]
  0x000000001e166000 JavaThread "Cache worker for execution history cache (C:\Users\klemp\AndroidStudioProjects\MaApp\.gradle\6.5\executionHistory)" [_thread_blocked, id=5436, stack(0x000000002b420000,0x000000002b520000)]
  0x000000001e168800 JavaThread "Execution worker for ':' Thread 3" [_thread_blocked, id=17176, stack(0x000000002b320000,0x000000002b420000)]
  0x000000001e167800 JavaThread "Execution worker for ':' Thread 2" [_thread_blocked, id=17076, stack(0x000000002b220000,0x000000002b320000)]
  0x000000001e16d000 JavaThread "Execution worker for ':'" [_thread_blocked, id=4716, stack(0x000000002af00000,0x000000002b000000)]
  0x000000001e16a800 JavaThread "Cache worker for file content cache (C:\Users\klemp\AndroidStudioProjects\MaApp\.gradle\6.5\fileContent)" [_thread_blocked, id=12396, stack(0x000000002aa00000,0x000000002ab00000)]
  0x000000001e167000 JavaThread "Memory manager" [_thread_blocked, id=384, stack(0x0000000028a10000,0x0000000028b10000)]
  0x000000001ef06800 JavaThread "Cache worker for Build Output Cleanup Cache (C:\Users\klemp\AndroidStudioProjects\MaApp\.gradle\buildOutputCleanup)" [_thread_blocked, id=11288, stack(0x0000000028b30000,0x0000000028c30000)]
  0x000000001ef05000 JavaThread "jar transforms Thread 94" [_thread_blocked, id=11624, stack(0x0000000028710000,0x0000000028810000)]
  0x000000001ef04800 JavaThread "jar transforms Thread 93" [_thread_blocked, id=5628, stack(0x0000000028610000,0x0000000028710000)]
  0x000000001ef02000 JavaThread "jar transforms Thread 92" [_thread_blocked, id=16584, stack(0x0000000028510000,0x0000000028610000)]
  0x000000001ef03800 JavaThread "jar transforms Thread 91" [_thread_blocked, id=3844, stack(0x0000000028410000,0x0000000028510000)]
  0x000000001ef06000 JavaThread "jar transforms Thread 90" [_thread_blocked, id=16600, stack(0x0000000028310000,0x0000000028410000)]
  0x000000001ef03000 JavaThread "jar transforms Thread 89" [_thread_blocked, id=16088, stack(0x0000000028210000,0x0000000028310000)]
  0x000000001eefa800 JavaThread "jar transforms Thread 88" [_thread_blocked, id=10748, stack(0x0000000028110000,0x0000000028210000)]
  0x000000001ef00000 JavaThread "jar transforms Thread 87" [_thread_blocked, id=13560, stack(0x0000000028010000,0x0000000028110000)]
  0x000000001eeff000 JavaThread "jar transforms Thread 86" [_thread_blocked, id=9936, stack(0x0000000027f10000,0x0000000028010000)]
  0x000000001eefd800 JavaThread "jar transforms Thread 85" [_thread_blocked, id=3088, stack(0x0000000027e10000,0x0000000027f10000)]
  0x000000001eefb800 JavaThread "jar transforms Thread 84" [_thread_blocked, id=10544, stack(0x0000000027d10000,0x0000000027e10000)]
  0x000000001ef01800 JavaThread "jar transforms Thread 83" [_thread_blocked, id=11920, stack(0x0000000027c10000,0x0000000027d10000)]
  0x000000001eefe800 JavaThread "jar transforms Thread 82" [_thread_blocked, id=10684, stack(0x0000000027b10000,0x0000000027c10000)]
  0x000000001eefd000 JavaThread "jar transforms Thread 81" [_thread_blocked, id=11260, stack(0x0000000027a10000,0x0000000027b10000)]
  0x000000001eefc000 JavaThread "jar transforms Thread 80" [_thread_blocked, id=16464, stack(0x0000000027910000,0x0000000027a10000)]
  0x000000001ef00800 JavaThread "jar transforms Thread 79" [_thread_blocked, id=10364, stack(0x0000000027810000,0x0000000027910000)]
  0x000000001eef8800 JavaThread "jar transforms Thread 78" [_thread_blocked, id=16936, stack(0x0000000027710000,0x0000000027810000)]
  0x000000001eefa000 JavaThread "jar transforms Thread 77" [_thread_blocked, id=1436, stack(0x0000000027610000,0x0000000027710000)]
  0x000000001eef9000 JavaThread "jar transforms Thread 76" [_thread_blocked, id=7888, stack(0x0000000027510000,0x0000000027610000)]
  0x000000001e802000 JavaThread "jar transforms Thread 75" [_thread_blocked, id=4228, stack(0x0000000027410000,0x0000000027510000)]
  0x000000001e804800 JavaThread "jar transforms Thread 74" [_thread_blocked, id=16716, stack(0x0000000027310000,0x0000000027410000)]
  0x000000001e803800 JavaThread "jar transforms Thread 73" [_thread_blocked, id=7464, stack(0x0000000027210000,0x0000000027310000)]
  0x000000001e803000 JavaThread "jar transforms Thread 72" [_thread_blocked, id=13448, stack(0x0000000027110000,0x0000000027210000)]
  0x000000001e801800 JavaThread "jar transforms Thread 71" [_thread_blocked, id=13828, stack(0x0000000027010000,0x0000000027110000)]
  0x000000001e800000 JavaThread "jar transforms Thread 70" [_thread_blocked, id=15840, stack(0x0000000026f10000,0x0000000027010000)]
  0x000000001e800800 JavaThread "jar transforms Thread 69" [_thread_blocked, id=14116, stack(0x0000000026e10000,0x0000000026f10000)]
  0x000000001e7f8800 JavaThread "jar transforms Thread 68" [_thread_blocked, id=6184, stack(0x0000000026d10000,0x0000000026e10000)]
  0x000000001e7ff000 JavaThread "jar transforms Thread 67" [_thread_blocked, id=12552, stack(0x0000000026c10000,0x0000000026d10000)]
  0x000000001e7f7800 JavaThread "jar transforms Thread 66" [_thread_blocked, id=13536, stack(0x0000000026b10000,0x0000000026c10000)]
  0x000000001e7fe800 JavaThread "jar transforms Thread 65" [_thread_blocked, id=2160, stack(0x0000000026a10000,0x0000000026b10000)]
  0x000000001e7f7000 JavaThread "jar transforms Thread 64" [_thread_blocked, id=15960, stack(0x0000000026910000,0x0000000026a10000)]
  0x000000001e7fd800 JavaThread "jar transforms Thread 63" [_thread_blocked, id=14996, stack(0x0000000026810000,0x0000000026910000)]
  0x000000001e7fd000 JavaThread "jar transforms Thread 62" [_thread_blocked, id=13332, stack(0x0000000026710000,0x0000000026810000)]
  0x000000001e7fa800 JavaThread "jar transforms Thread 61" [_thread_blocked, id=15356, stack(0x0000000026610000,0x0000000026710000)]
  0x000000001e7f9000 JavaThread "jar transforms Thread 60" [_thread_blocked, id=2088, stack(0x0000000026510000,0x0000000026610000)]
  0x000000001e7f5800 JavaThread "jar transforms Thread 59" [_thread_blocked, id=15772, stack(0x0000000026410000,0x0000000026510000)]
  0x000000001e7fa000 JavaThread "jar transforms Thread 58" [_thread_blocked, id=13948, stack(0x0000000026310000,0x0000000026410000)]
  0x000000001e7fc000 JavaThread "jar transforms Thread 57" [_thread_blocked, id=4532, stack(0x0000000026210000,0x0000000026310000)]
  0x000000001e7f6000 JavaThread "jar transforms Thread 56" [_thread_blocked, id=7184, stack(0x0000000026110000,0x0000000026210000)]
  0x000000001e7fb800 JavaThread "jar transforms Thread 55" [_thread_blocked, id=9868, stack(0x0000000026010000,0x0000000026110000)]
  0x000000001b131000 JavaThread "jar transforms Thread 54" [_thread_blocked, id=16784, stack(0x0000000025f10000,0x0000000026010000)]
  0x000000001b130800 JavaThread "jar transforms Thread 53" [_thread_blocked, id=12684, stack(0x0000000025e10000,0x0000000025f10000)]
  0x000000001b12f800 JavaThread "jar transforms Thread 52" [_thread_blocked, id=12344, stack(0x0000000025d10000,0x0000000025e10000)]
  0x000000001b12f000 JavaThread "jar transforms Thread 51" [_thread_blocked, id=15628, stack(0x0000000025c10000,0x0000000025d10000)]
  0x000000001b12e000 JavaThread "jar transforms Thread 50" [_thread_blocked, id=10396, stack(0x0000000025b10000,0x0000000025c10000)]
  0x000000001b126800 JavaThread "jar transforms Thread 49" [_thread_blocked, id=12856, stack(0x0000000025a10000,0x0000000025b10000)]
  0x000000001b128000 JavaThread "jar transforms Thread 48" [_thread_blocked, id=17336, stack(0x0000000025910000,0x0000000025a10000)]
  0x000000001b12d800 JavaThread "jar transforms Thread 47" [_thread_blocked, id=9444, stack(0x0000000025810000,0x0000000025910000)]
  0x000000001b12c800 JavaThread "jar transforms Thread 46" [_thread_blocked, id=12036, stack(0x0000000025710000,0x0000000025810000)]
  0x000000001b12b000 JavaThread "jar transforms Thread 45" [_thread_blocked, id=13232, stack(0x0000000025610000,0x0000000025710000)]
  0x000000001b12a800 JavaThread "jar transforms Thread 44" [_thread_blocked, id=17352, stack(0x0000000025510000,0x0000000025610000)]
  0x000000001b12c000 JavaThread "jar transforms Thread 43" [_thread_blocked, id=13340, stack(0x0000000025410000,0x0000000025510000)]
  0x000000001b122800 JavaThread "jar transforms Thread 42" [_thread_blocked, id=5512, stack(0x0000000025310000,0x0000000025410000)]
  0x000000001b129800 JavaThread "jar transforms Thread 41" [_thread_blocked, id=11860, stack(0x0000000025210000,0x0000000025310000)]
  0x000000001b123800 JavaThread "jar transforms Thread 40" [_thread_blocked, id=8984, stack(0x0000000025110000,0x0000000025210000)]
  0x000000001b125000 JavaThread "jar transforms Thread 39" [_thread_blocked, id=7588, stack(0x0000000025010000,0x0000000025110000)]
  0x000000001b129000 JavaThread "jar transforms Thread 38" [_thread_blocked, id=9340, stack(0x0000000024f10000,0x0000000025010000)]
  0x000000001b127800 JavaThread "jar transforms Thread 37" [_thread_blocked, id=16736, stack(0x0000000024e10000,0x0000000024f10000)]
  0x000000001b122000 JavaThread "jar transforms Thread 36" [_thread_blocked, id=772, stack(0x0000000024d10000,0x0000000024e10000)]
  0x000000001b126000 JavaThread "jar transforms Thread 35" [_thread_blocked, id=11112, stack(0x0000000024c10000,0x0000000024d10000)]
  0x000000001b124000 JavaThread "jar transforms Thread 34" [_thread_blocked, id=3800, stack(0x0000000024b10000,0x0000000024c10000)]
  0x000000001b908000 JavaThread "jar transforms Thread 33" [_thread_blocked, id=9716, stack(0x0000000024a10000,0x0000000024b10000)]
  0x000000001b907000 JavaThread "jar transforms Thread 32" [_thread_blocked, id=9288, stack(0x0000000024910000,0x0000000024a10000)]
  0x000000001b905000 JavaThread "jar transforms Thread 31" [_thread_blocked, id=16724, stack(0x0000000024810000,0x0000000024910000)]
  0x000000001b904000 JavaThread "jar transforms Thread 30" [_thread_blocked, id=10688, stack(0x0000000024710000,0x0000000024810000)]
  0x000000001b906800 JavaThread "jar transforms Thread 29" [_thread_blocked, id=6488, stack(0x0000000024610000,0x0000000024710000)]
  0x000000001b902800 JavaThread "jar transforms Thread 28" [_thread_blocked, id=14388, stack(0x0000000024510000,0x0000000024610000)]
  0x000000001b903800 JavaThread "jar transforms Thread 27" [_thread_blocked, id=12424, stack(0x0000000024410000,0x0000000024510000)]
  0x000000001b905800 JavaThread "jar transforms Thread 26" [_thread_blocked, id=8816, stack(0x0000000024310000,0x0000000024410000)]
  0x000000001b8fb000 JavaThread "jar transforms Thread 25" [_thread_blocked, id=16428, stack(0x0000000024210000,0x0000000024310000)]
  0x000000001b902000 JavaThread "jar transforms Thread 24" [_thread_blocked, id=9800, stack(0x0000000024110000,0x0000000024210000)]
  0x000000001b901000 JavaThread "jar transforms Thread 23" [_thread_blocked, id=7608, stack(0x0000000024010000,0x0000000024110000)]
  0x000000001b8f9800 JavaThread "jar transforms Thread 22" [_thread_blocked, id=4060, stack(0x0000000023f10000,0x0000000024010000)]
  0x000000001b900800 JavaThread "jar transforms Thread 21" [_thread_blocked, id=8420, stack(0x0000000023e10000,0x0000000023f10000)]
  0x000000001b8ff800 JavaThread "jar transforms Thread 20" [_thread_blocked, id=7228, stack(0x0000000023d10000,0x0000000023e10000)]
  0x000000001b8ff000 JavaThread "jar transforms Thread 19" [_thread_blocked, id=5624, stack(0x0000000023c10000,0x0000000023d10000)]
  0x000000001b8fc000 JavaThread "jar transforms Thread 18" [_thread_blocked, id=4744, stack(0x0000000023b10000,0x0000000023c10000)]
  0x000000001b8f9000 JavaThread "jar transforms Thread 17" [_thread_blocked, id=15680, stack(0x0000000023a10000,0x0000000023b10000)]
  0x000000001b8fd800 JavaThread "jar transforms Thread 16" [_thread_blocked, id=16976, stack(0x0000000023910000,0x0000000023a10000)]
  0x000000001b8fe000 JavaThread "jar transforms Thread 15" [_thread_blocked, id=9832, stack(0x0000000023810000,0x0000000023910000)]
  0x000000001b8fc800 JavaThread "jar transforms Thread 14" [_thread_blocked, id=1980, stack(0x0000000023710000,0x0000000023810000)]
  0x000000001b8fa800 JavaThread "jar transforms Thread 13" [_thread_blocked, id=14728, stack(0x0000000023610000,0x0000000023710000)]
  0x000000001ae3a800 JavaThread "jar transforms Thread 12" [_thread_blocked, id=5864, stack(0x0000000023510000,0x0000000023610000)]
  0x000000001ae37800 JavaThread "jar transforms Thread 11" [_thread_blocked, id=6764, stack(0x0000000023410000,0x0000000023510000)]
  0x000000001ae3b800 JavaThread "jar transforms Thread 10" [_thread_blocked, id=4736, stack(0x0000000023210000,0x0000000023310000)]
  0x000000001ae34000 JavaThread "jar transforms Thread 9" [_thread_blocked, id=16700, stack(0x0000000023110000,0x0000000023210000)]
  0x000000001ae39000 JavaThread "jar transforms Thread 8" [_thread_blocked, id=2208, stack(0x0000000023010000,0x0000000023110000)]
  0x000000001ae35800 JavaThread "jar transforms Thread 7" [_thread_blocked, id=8336, stack(0x0000000022f10000,0x0000000023010000)]
  0x000000001ae3a000 JavaThread "jar transforms Thread 6" [_thread_blocked, id=16964, stack(0x0000000022e10000,0x0000000022f10000)]
  0x000000001ae38800 JavaThread "jar transforms Thread 5" [_thread_blocked, id=14900, stack(0x0000000022d10000,0x0000000022e10000)]
  0x000000001ae34800 JavaThread "jar transforms Thread 4" [_thread_blocked, id=8620, stack(0x0000000022c10000,0x0000000022d10000)]
  0x000000001ae36000 JavaThread "jar transforms Thread 3" [_thread_blocked, id=12264, stack(0x0000000022b10000,0x0000000022c10000)]
  0x000000001ae37000 JavaThread "jar transforms Thread 2" [_thread_blocked, id=11964, stack(0x0000000022a10000,0x0000000022b10000)]
  0x000000001ae2c000 JavaThread "Build operations Thread 4" [_thread_in_native, id=13768, stack(0x0000000022910000,0x0000000022a10000)]
  0x000000001ae33000 JavaThread "Build operations Thread 3" [_thread_in_native, id=1812, stack(0x0000000022810000,0x0000000022910000)]
  0x000000001ae31800 JavaThread "Build operations Thread 2" [_thread_in_Java, id=12584, stack(0x0000000022710000,0x0000000022810000)]
  0x000000001ae30800 JavaThread "Build operations" [_thread_in_Java, id=5784, stack(0x0000000021ea0000,0x0000000021fa0000)]
  0x0000000019bb9800 JavaThread "Cache worker for file content cache (C:\Users\klemp\.gradle\caches\6.5\fileContent)" [_thread_blocked, id=14148, stack(0x0000000022010000,0x0000000022110000)]
  0x0000000019bba800 JavaThread "jar transforms" [_thread_blocked, id=16372, stack(0x0000000021da0000,0x0000000021ea0000)]
  0x0000000019bb4800 JavaThread "Cache worker for execution history cache (C:\Users\klemp\.gradle\caches\6.5\executionHistory)" [_thread_blocked, id=8384, stack(0x00000000216a0000,0x00000000217a0000)]
  0x0000000019bb6000 JavaThread "Cache worker for cache directory md-rule (C:\Users\klemp\.gradle\caches\6.5\md-rule)" [_thread_blocked, id=2620, stack(0x00000000215a0000,0x00000000216a0000)]
  0x0000000019bb9000 JavaThread "Cache worker for cache directory md-supplier (C:\Users\klemp\.gradle\caches\6.5\md-supplier)" [_thread_blocked, id=14832, stack(0x00000000214a0000,0x00000000215a0000)]
  0x0000000019bb5000 JavaThread "Cache worker for checksums cache (C:\Users\klemp\AndroidStudioProjects\MaApp\.gradle\checksums)" [_thread_blocked, id=12448, stack(0x0000000020140000,0x0000000020240000)]
  0x0000000019bb8000 JavaThread "Cache worker for file hash cache (C:\Users\klemp\AndroidStudioProjects\MaApp\.gradle\6.5\fileHashes)" [_thread_blocked, id=14480, stack(0x0000000020040000,0x0000000020140000)]
  0x0000000019bb7800 JavaThread "Cache worker for file hash cache (C:\Users\klemp\.gradle\caches\6.5\fileHashes)" [_thread_blocked, id=14612, stack(0x000000001dba0000,0x000000001dca0000)]
  0x0000000019bb6800 JavaThread "File lock request listener" [_thread_in_native, id=4088, stack(0x000000001daa0000,0x000000001dba0000)]
  0x0000000019bbb000 JavaThread "Cache worker for journal cache (C:\Users\klemp\.gradle\caches\journal-1)" [_thread_blocked, id=16388, stack(0x000000001d9a0000,0x000000001daa0000)]
  0x0000000019840000 JavaThread "Thread-9" [_thread_blocked, id=14232, stack(0x000000001d6a0000,0x000000001d7a0000)]
  0x000000001983f000 JavaThread "Stdin handler" [_thread_blocked, id=2468, stack(0x000000001d5a0000,0x000000001d6a0000)]
  0x000000001a6c3000 JavaThread "Asynchronous log dispatcher for DefaultDaemonConnection: socket connection from /127.0.0.1:50378 to /127.0.0.1:50379" [_thread_blocked, id=7880, stack(0x000000001d4a0000,0x000000001d5a0000)]
  0x000000001a6ed000 JavaThread "Daemon worker" [_thread_blocked, id=7328, stack(0x000000001d3a0000,0x000000001d4a0000)]
  0x000000001a6eb000 JavaThread "Cancel handler" [_thread_blocked, id=7444, stack(0x000000001d2a0000,0x000000001d3a0000)]
  0x00000000196ce800 JavaThread "Handler for socket connection from /127.0.0.1:50378 to /127.0.0.1:50379" [_thread_in_native, id=2372, stack(0x000000001d1a0000,0x000000001d2a0000)]
  0x00000000196cd800 JavaThread "Daemon" [_thread_blocked, id=10996, stack(0x000000001d0a0000,0x000000001d1a0000)]
  0x000000001ab0e000 JavaThread "Daemon periodic checks" [_thread_blocked, id=11372, stack(0x000000001cda0000,0x000000001cea0000)]
  0x000000001b4cc800 JavaThread "Incoming local TCP Connector on port 50378" [_thread_in_native, id=14604, stack(0x000000001cb20000,0x000000001cc20000)]
  0x000000001b1b2800 JavaThread "Daemon health stats" [_thread_blocked, id=13216, stack(0x000000001c4e0000,0x000000001c5e0000)]
  0x0000000019578800 JavaThread "Service Thread" daemon [_thread_blocked, id=15600, stack(0x0000000019940000,0x0000000019a40000)]
  0x0000000017bca800 JavaThread "C1 CompilerThread2" daemon [_thread_blocked, id=16176, stack(0x0000000019440000,0x0000000019540000)]
  0x0000000017bba000 JavaThread "C2 CompilerThread1" daemon [_thread_in_native, id=5804, stack(0x0000000019340000,0x0000000019440000)]
=>0x0000000017bb1800 JavaThread "C2 CompilerThread0" daemon [_thread_in_native, id=15004, stack(0x0000000019240000,0x0000000019340000)]
  0x0000000017bb0000 JavaThread "Attach Listener" daemon [_thread_blocked, id=7276, stack(0x0000000019140000,0x0000000019240000)]
  0x0000000017bb4800 JavaThread "Signal Dispatcher" daemon [_thread_blocked, id=13252, stack(0x0000000019040000,0x0000000019140000)]
  0x0000000002f8b000 JavaThread "Finalizer" daemon [_thread_blocked, id=14476, stack(0x0000000018e10000,0x0000000018f10000)]
  0x0000000017b99000 JavaThread "Reference Handler" daemon [_thread_blocked, id=14012, stack(0x0000000018d10000,0x0000000018e10000)]
  0x0000000002e8e000 JavaThread "main" [_thread_blocked, id=6728, stack(0x0000000002cf0000,0x0000000002df0000)]

Other Threads:
  0x0000000017b76000 VMThread [stack: 0x0000000018c10000,0x0000000018d10000] [id=6352]
  0x0000000017bee800 WatcherThread [stack: 0x0000000019a40000,0x0000000019b40000] [id=5164]

VM state:not at safepoint (normal execution)

VM Mutex/Monitor currently owned by a thread: None

heap address: 0x0000000080000000, size: 2048 MB, Compressed Oops mode: 32-bit
Narrow klass base: 0x0000000000000000, Narrow klass shift: 3
Compressed class space size: 1073741824 Address: 0x0000000100000000

Heap:
 PSYoungGen      total 342528K, used 74536K [0x00000000d5580000, 0x00000000ecf00000, 0x0000000100000000)
  eden space 307200K, 24% used [0x00000000d5580000,0x00000000d9e4a208,0x00000000e8180000)
  from space 35328K, 0% used [0x00000000e8180000,0x00000000e8180000,0x00000000ea400000)
  to   space 27648K, 0% used [0x00000000ea400000,0x00000000ea400000,0x00000000ebf00000)
 ParOldGen       total 247808K, used 108947K [0x0000000080000000, 0x000000008f200000, 0x00000000d5580000)
  object space 247808K, 43% used [0x0000000080000000,0x0000000086a64f30,0x000000008f200000)
 Metaspace       used 80350K, capacity 84550K, committed 85336K, reserved 1122304K
  class space    used 10886K, capacity 11657K, committed 11904K, reserved 1048576K

Card table byte_map: [0x0000000012350000,0x0000000012760000] byte_map_base: 0x0000000011f50000

Marking Bits: (ParMarkBitMap*) 0x000000005f5df030
 Begin Bits: [0x0000000012e10000, 0x0000000014e10000)
 End Bits:   [0x0000000014e10000, 0x0000000016e10000)

Polling page: 0x0000000000f60000

CodeCache: size=245760Kb used=46346Kb max_used=46642Kb free=199413Kb
 bounds [0x0000000002f90000, 0x0000000005d90000, 0x0000000011f90000]
 total_blobs=13219 nmethods=12396 adapters=733
 compilation: enabled

Compilation events (10 events):
Event: 68.705 Thread 0x0000000017bca800 14690       2       com.android.tools.r8.q.a.a.b.S0::<init> (15 bytes)
Event: 68.705 Thread 0x0000000017bca800 nmethod 14690 0x0000000004d841d0 code [0x0000000004d84320, 0x0000000004d84490]
Event: 68.705 Thread 0x0000000017bca800 14691       2       com.android.tools.r8.graph.G$a::hashCode (21 bytes)
Event: 68.705 Thread 0x0000000017bca800 nmethod 14691 0x0000000004d2b4d0 code [0x0000000004d2b620, 0x0000000004d2b790]
Event: 68.730 Thread 0x0000000017bca800 14692       2       com.android.tools.r8.s.b.H0::a (83 bytes)
Event: 68.731 Thread 0x0000000017bca800 nmethod 14692 0x0000000004e9f210 code [0x0000000004e9f420, 0x0000000004e9f9b8]
Event: 68.731 Thread 0x0000000017bca800 14693       2       com.android.tools.r8.s.b.H0::f (14 bytes)
Event: 68.732 Thread 0x0000000017bca800 nmethod 14693 0x0000000004dc4d90 code [0x0000000004dc4f00, 0x0000000004dc50a8]
Event: 68.734 Thread 0x0000000017bca800 14694       2       com.android.tools.r8.s.b.r::remove (71 bytes)
Event: 68.735 Thread 0x0000000017bca800 nmethod 14694 0x000000000499f290 code [0x000000000499f480, 0x000000000499f9f8]

GC Heap History (10 events):
Event: 58.518 GC heap before
{Heap before GC invocations=19 (full 3):
 PSYoungGen      total 342528K, used 342527K [0x00000000d5580000, 0x00000000ecf00000, 0x0000000100000000)
  eden space 307200K, 100% used [0x00000000d5580000,0x00000000e8180000,0x00000000e8180000)
  from space 35328K, 99% used [0x00000000e8180000,0x00000000ea3ffc70,0x00000000ea400000)
  to   space 27648K, 0% used [0x00000000ea400000,0x00000000ea400000,0x00000000ebf00000)
 ParOldGen       total 132608K, used 69601K [0x0000000080000000, 0x0000000088180000, 0x00000000d5580000)
  object space 132608K, 52% used [0x0000000080000000,0x00000000843f84e0,0x0000000088180000)
 Metaspace       used 80153K, capacity 84722K, committed 85080K, reserved 1122304K
  class space    used 10967K, capacity 11789K, committed 11904K, reserved 1048576K
Event: 59.223 GC heap after
Heap after GC invocations=19 (full 3):
 PSYoungGen      total 334848K, used 27625K [0x00000000d5580000, 0x00000000ecf00000, 0x0000000100000000)
  eden space 307200K, 0% used [0x00000000d5580000,0x00000000d5580000,0x00000000e8180000)
  from space 27648K, 99% used [0x00000000ea400000,0x00000000ebefa678,0x00000000ebf00000)
  to   space 35328K, 0% used [0x00000000e8180000,0x00000000e8180000,0x00000000ea400000)
 ParOldGen       total 132608K, used 85393K [0x0000000080000000, 0x0000000088180000, 0x00000000d5580000)
  object space 132608K, 64% used [0x0000000080000000,0x0000000085364400,0x0000000088180000)
 Metaspace       used 80153K, capacity 84722K, committed 85080K, reserved 1122304K
  class space    used 10967K, capacity 11789K, committed 11904K, reserved 1048576K
}
Event: 61.968 GC heap before
{Heap before GC invocations=20 (full 3):
 PSYoungGen      total 334848K, used 334825K [0x00000000d5580000, 0x00000000ecf00000, 0x0000000100000000)
  eden space 307200K, 100% used [0x00000000d5580000,0x00000000e8180000,0x00000000e8180000)
  from space 27648K, 99% used [0x00000000ea400000,0x00000000ebefa678,0x00000000ebf00000)
  to   space 35328K, 0% used [0x00000000e8180000,0x00000000e8180000,0x00000000ea400000)
 ParOldGen       total 132608K, used 85393K [0x0000000080000000, 0x0000000088180000, 0x00000000d5580000)
  object space 132608K, 64% used [0x0000000080000000,0x0000000085364400,0x0000000088180000)
 Metaspace       used 80423K, capacity 84984K, committed 85336K, reserved 1122304K
  class space    used 10980K, capacity 11802K, committed 11904K, reserved 1048576K
Event: 62.064 GC heap after
Heap after GC invocations=20 (full 3):
 PSYoungGen      total 342528K, used 35301K [0x00000000d5580000, 0x00000000ecf00000, 0x0000000100000000)
  eden space 307200K, 0% used [0x00000000d5580000,0x00000000d5580000,0x00000000e8180000)
  from space 35328K, 99% used [0x00000000e8180000,0x00000000ea3f95d0,0x00000000ea400000)
  to   space 27648K, 0% used [0x00000000ea400000,0x00000000ea400000,0x00000000ebf00000)
 ParOldGen       total 132608K, used 91947K [0x0000000080000000, 0x0000000088180000, 0x00000000d5580000)
  object space 132608K, 69% used [0x0000000080000000,0x00000000859cae48,0x0000000088180000)
 Metaspace       used 80423K, capacity 84984K, committed 85336K, reserved 1122304K
  class space    used 10980K, capacity 11802K, committed 11904K, reserved 1048576K
}
Event: 64.583 GC heap before
{Heap before GC invocations=21 (full 3):
 PSYoungGen      total 342528K, used 342501K [0x00000000d5580000, 0x00000000ecf00000, 0x0000000100000000)
  eden space 307200K, 100% used [0x00000000d5580000,0x00000000e8180000,0x00000000e8180000)
  from space 35328K, 99% used [0x00000000e8180000,0x00000000ea3f95d0,0x00000000ea400000)
  to   space 27648K, 0% used [0x00000000ea400000,0x00000000ea400000,0x00000000ebf00000)
 ParOldGen       total 132608K, used 91947K [0x0000000080000000, 0x0000000088180000, 0x00000000d5580000)
  object space 132608K, 69% used [0x0000000080000000,0x00000000859cae48,0x0000000088180000)
 Metaspace       used 80483K, capacity 85086K, committed 85336K, reserved 1122304K
  class space    used 10986K, capacity 11835K, committed 11904K, reserved 1048576K
Event: 64.684 GC heap after
Heap after GC invocations=21 (full 3):
 PSYoungGen      total 334848K, used 27616K [0x00000000d5580000, 0x00000000ecf00000, 0x0000000100000000)
  eden space 307200K, 0% used [0x00000000d5580000,0x00000000d5580000,0x00000000e8180000)
  from space 27648K, 99% used [0x00000000ea400000,0x00000000ebef8248,0x00000000ebf00000)
  to   space 35328K, 0% used [0x00000000e8180000,0x00000000e8180000,0x00000000ea400000)
 ParOldGen       total 132608K, used 109218K [0x0000000080000000, 0x0000000088180000, 0x00000000d5580000)
  object space 132608K, 82% used [0x0000000080000000,0x0000000086aa8900,0x0000000088180000)
 Metaspace       used 80483K, capacity 85086K, committed 85336K, reserved 1122304K
  class space    used 10986K, capacity 11835K, committed 11904K, reserved 1048576K
}
Event: 66.835 GC heap before
{Heap before GC invocations=22 (full 3):
 PSYoungGen      total 334848K, used 334816K [0x00000000d5580000, 0x00000000ecf00000, 0x0000000100000000)
  eden space 307200K, 100% used [0x00000000d5580000,0x00000000e8180000,0x00000000e8180000)
  from space 27648K, 99% used [0x00000000ea400000,0x00000000ebef8248,0x00000000ebf00000)
  to   space 35328K, 0% used [0x00000000e8180000,0x00000000e8180000,0x00000000ea400000)
 ParOldGen       total 132608K, used 109218K [0x0000000080000000, 0x0000000088180000, 0x00000000d5580000)
  object space 132608K, 82% used [0x0000000080000000,0x0000000086aa8900,0x0000000088180000)
 Metaspace       used 80593K, capacity 85166K, committed 85336K, reserved 1122304K
  class space    used 10986K, capacity 11835K, committed 11904K, reserved 1048576K
Event: 66.909 GC heap after
Heap after GC invocations=22 (full 3):
 PSYoungGen      total 342528K, used 12245K [0x00000000d5580000, 0x00000000ecf00000, 0x0000000100000000)
  eden space 307200K, 0% used [0x00000000d5580000,0x00000000d5580000,0x00000000e8180000)
  from space 35328K, 34% used [0x00000000e8180000,0x00000000e8d75748,0x00000000ea400000)
  to   space 27648K, 0% used [0x00000000ea400000,0x00000000ea400000,0x00000000ebf00000)
 ParOldGen       total 132608K, used 124736K [0x0000000080000000, 0x0000000088180000, 0x00000000d5580000)
  object space 132608K, 94% used [0x0000000080000000,0x00000000879d0330,0x0000000088180000)
 Metaspace       used 80593K, capacity 85166K, committed 85336K, reserved 1122304K
  class space    used 10986K, capacity 11835K, committed 11904K, reserved 1048576K
}
Event: 66.910 GC heap before
{Heap before GC invocations=23 (full 4):
 PSYoungGen      total 342528K, used 12245K [0x00000000d5580000, 0x00000000ecf00000, 0x0000000100000000)
  eden space 307200K, 0% used [0x00000000d5580000,0x00000000d5580000,0x00000000e8180000)
  from space 35328K, 34% used [0x00000000e8180000,0x00000000e8d75748,0x00000000ea400000)
  to   space 27648K, 0% used [0x00000000ea400000,0x00000000ea400000,0x00000000ebf00000)
 ParOldGen       total 132608K, used 124736K [0x0000000080000000, 0x0000000088180000, 0x00000000d5580000)
  object space 132608K, 94% used [0x0000000080000000,0x00000000879d0330,0x0000000088180000)
 Metaspace       used 80593K, capacity 85166K, committed 85336K, reserved 1122304K
  class space    used 10986K, capacity 11835K, committed 11904K, reserved 1048576K
Event: 68.171 GC heap after
Heap after GC invocations=23 (full 4):
 PSYoungGen      total 342528K, used 0K [0x00000000d5580000, 0x00000000ecf00000, 0x0000000100000000)
  eden space 307200K, 0% used [0x00000000d5580000,0x00000000d5580000,0x00000000e8180000)
  from space 35328K, 0% used [0x00000000e8180000,0x00000000e8180000,0x00000000ea400000)
  to   space 27648K, 0% used [0x00000000ea400000,0x00000000ea400000,0x00000000ebf00000)
 ParOldGen       total 247808K, used 108947K [0x0000000080000000, 0x000000008f200000, 0x00000000d5580000)
  object space 247808K, 43% used [0x0000000080000000,0x0000000086a64f30,0x000000008f200000)
 Metaspace       used 80316K, capacity 84486K, committed 85336K, reserved 1122304K
  class space    used 10886K, capacity 11657K, committed 11904K, reserved 1048576K
}

Deoptimization events (10 events):
Event: 63.110 Thread 0x000000001ae2c000 Uncommon trap: reason=unstable_if action=reinterpret pc=0x0000000005aafa90 method=com.android.tools.r8.ir.regalloc.a.a(Lcom/android/tools/r8/ir/regalloc/a$a;Z)Lcom/android/tools/r8/ir/regalloc/a$a; @ 2282
Event: 63.112 Thread 0x000000001ae2c000 Uncommon trap: reason=unstable_if action=reinterpret pc=0x000000000586a61c method=com.android.tools.r8.ir.regalloc.a.a(Lcom/android/tools/r8/ir/regalloc/a$a;Z)Lcom/android/tools/r8/ir/regalloc/a$a; @ 2282
Event: 65.377 Thread 0x000000001ae33000 Uncommon trap: reason=unstable_if action=reinterpret pc=0x0000000005c81e84 method=com.android.tools.r8.ir.conversion.o.a(ILcom/android/tools/r8/ir/conversion/N;)I @ 165
Event: 65.842 Thread 0x000000001ae2c000 Uncommon trap: reason=unstable_if action=reinterpret pc=0x0000000005c5cf14 method=com.android.tools.r8.ir.regalloc.b.g(I)Lcom/android/tools/r8/ir/regalloc/b; @ 153
Event: 66.187 Thread 0x000000001ae33000 Uncommon trap: reason=bimorphic action=maybe_recompile pc=0x00000000041ca894 method=java.util.stream.ReferencePipeline.collect(Ljava/util/stream/Collector;)Ljava/lang/Object; @ 118
Event: 66.301 Thread 0x000000001ae33000 Uncommon trap: reason=null_check action=make_not_entrant pc=0x0000000004bdf38c method=com.android.tools.r8.graph.i0.computeEquals(Ljava/lang/Object;)Z @ 1
Event: 66.305 Thread 0x000000001ae33000 Uncommon trap: reason=array_check action=maybe_recompile pc=0x0000000005b11ad4 method=java.util.TimSort.binarySort([Ljava/lang/Object;IIILjava/util/Comparator;)V @ 183
Event: 66.305 Thread 0x000000001ae33000 Uncommon trap: reason=array_check action=maybe_recompile pc=0x0000000005b11ad4 method=java.util.TimSort.binarySort([Ljava/lang/Object;IIILjava/util/Comparator;)V @ 183
Event: 66.581 Thread 0x000000001ae2c000 Uncommon trap: reason=bimorphic action=maybe_recompile pc=0x00000000041ca894 method=java.util.stream.ReferencePipeline.collect(Ljava/util/stream/Collector;)Ljava/lang/Object; @ 118
Event: 68.499 Thread 0x000000001ae30800 Uncommon trap: reason=unstable_if action=reinterpret pc=0x0000000005d364c0 method=java.util.IdentityHashMap.closeDeletion(I)V @ 49

Classes redefined (0 events):
No events

Internal exceptions (10 events):
Event: 47.565 Thread 0x000000001ae33000 Exception <a 'java/lang/NoSuchMethodError': java.lang.Object.lambda$maxBy$1(Ljava/util/Comparator;Ljava/lang/Object;Ljava/lang/Object;)Ljava/lang/Object;> (0x00000000db4087d0) thrown at [C:\src\AOSP-openjdk-git\hotspot\src\share\vm\interpreter\linkResolve
Event: 47.566 Thread 0x000000001ae30800 Exception <a 'java/lang/NoSuchMethodError': java.lang.Object.lambda$maxBy$1(Ljava/util/Comparator;Ljava/lang/Object;Ljava/lang/Object;)Ljava/lang/Object;> (0x00000000dbbdef88) thrown at [C:\src\AOSP-openjdk-git\hotspot\src\share\vm\interpreter\linkResolve
Event: 47.565 Thread 0x000000001ae2c000 Exception <a 'java/lang/NoSuchMethodError': java.lang.Object.lambda$maxBy$1(Ljava/util/Comparator;Ljava/lang/Object;Ljava/lang/Object;)Ljava/lang/Object;> (0x00000000dbb8a990) thrown at [C:\src\AOSP-openjdk-git\hotspot\src\share\vm\interpreter\linkResolve
Event: 54.732 Thread 0x000000001ae30800 Exception <a 'sun/nio/fs/WindowsException'> (0x00000000d5763db0) thrown at [C:\src\AOSP-openjdk-git\hotspot\src\share\vm\prims\jni.cpp, line 710]
Event: 60.481 Thread 0x000000001ae30800 Exception <a 'sun/nio/fs/WindowsException'> (0x00000000dd480a98) thrown at [C:\src\AOSP-openjdk-git\hotspot\src\share\vm\prims\jni.cpp, line 710]
Event: 61.304 Thread 0x000000001ae33000 Exception <a 'sun/nio/fs/WindowsException'> (0x00000000e2f4e8e0) thrown at [C:\src\AOSP-openjdk-git\hotspot\src\share\vm\prims\jni.cpp, line 710]
Event: 62.899 Thread 0x000000001ae33000 Exception <a 'sun/nio/fs/WindowsException'> (0x00000000dd508a28) thrown at [C:\src\AOSP-openjdk-git\hotspot\src\share\vm\prims\jni.cpp, line 710]
Event: 66.301 Thread 0x000000001ae33000 Implicit null exception at 0x0000000004bdf20f to 0x0000000004bdf37d
Event: 66.389 Thread 0x000000001ae33000 Exception <a 'sun/nio/fs/WindowsException'> (0x00000000e47960e0) thrown at [C:\src\AOSP-openjdk-git\hotspot\src\share\vm\prims\jni.cpp, line 710]
Event: 68.301 Thread 0x000000001ae2c000 Exception <a 'sun/nio/fs/WindowsException'> (0x00000000d5c472a8) thrown at [C:\src\AOSP-openjdk-git\hotspot\src\share\vm\prims\jni.cpp, line 710]

Events (10 events):
Event: 68.643 Thread 0x0000000017bca800 flushing nmethod 0x0000000004d968d0
Event: 68.644 Thread 0x0000000017bca800 flushing nmethod 0x0000000004ef7dd0
Event: 68.645 Thread 0x0000000017bca800 flushing nmethod 0x00000000051326d0
Event: 68.645 Thread 0x0000000017bca800 flushing nmethod 0x00000000051bae10
Event: 68.645 Thread 0x0000000017bca800 flushing nmethod 0x00000000051bb7d0
Event: 68.645 Thread 0x0000000017bca800 flushing nmethod 0x00000000051ca6d0
Event: 68.677 Thread 0x000000001ae31800 DEOPT PACKING pc=0x0000000005cfba2f sp=0x0000000022809e10
Event: 68.677 Thread 0x000000001ae31800 DEOPT UNPACKING pc=0x0000000002fd75d0 sp=0x0000000022809f58 mode 0
Event: 68.723 Thread 0x000000001ae30800 DEOPT PACKING pc=0x0000000004c6df54 sp=0x0000000021f99a00
Event: 68.723 Thread 0x000000001ae30800 DEOPT UNPACKING pc=0x0000000002fd75d0 sp=0x0000000021f99908 mode 0


Dynamic libraries:
0x00007ff69f690000 - 0x00007ff69f6c1000 	C:\Program Files\Android\Android Studio\jre\bin\java.exe
0x00007ff809270000 - 0x00007ff809466000 	C:\Windows\SYSTEM32\ntdll.dll
0x00007ff807cf0000 - 0x00007ff807dad000 	C:\Windows\System32\KERNEL32.DLL
0x00007ff806f80000 - 0x00007ff807249000 	C:\Windows\System32\KERNELBASE.dll
0x00007ff808ea0000 - 0x00007ff808f4c000 	C:\Windows\System32\ADVAPI32.dll
0x00007ff808bf0000 - 0x00007ff808c8e000 	C:\Windows\System32\msvcrt.dll
0x00007ff809020000 - 0x00007ff8090bc000 	C:\Windows\System32\sechost.dll
0x00007ff8072d0000 - 0x00007ff8073fb000 	C:\Windows\System32\RPCRT4.dll
0x00007ff8080b0000 - 0x00007ff808250000 	C:\Windows\System32\USER32.dll
0x00007ff806e20000 - 0x00007ff806e42000 	C:\Windows\System32\win32u.dll
0x00007ff807400000 - 0x00007ff80742a000 	C:\Windows\System32\GDI32.dll
0x00007ff806cb0000 - 0x00007ff806dbb000 	C:\Windows\System32\gdi32full.dll
0x00007ff806c10000 - 0x00007ff806cad000 	C:\Windows\System32\msvcp_win.dll
0x00007ff8069b0000 - 0x00007ff806ab0000 	C:\Windows\System32\ucrtbase.dll
0x00007ffff8150000 - 0x00007ffff83eb000 	C:\Windows\WinSxS\amd64_microsoft.windows.common-controls_6595b64144ccf1df_6.0.19041.746_none_ca02b4b61b8320a4\COMCTL32.dll
0x00007ff808250000 - 0x00007ff808280000 	C:\Windows\System32\IMM32.DLL
0x000000005dab0000 - 0x000000005db82000 	C:\Program Files\Android\Android Studio\jre\jre\bin\msvcr100.dll
0x000000005ee10000 - 0x000000005f65b000 	C:\Program Files\Android\Android Studio\jre\jre\bin\server\jvm.dll
0x00007ff809130000 - 0x00007ff809138000 	C:\Windows\System32\PSAPI.DLL
0x00007ff800d20000 - 0x00007ff800d29000 	C:\Windows\SYSTEM32\WSOCK32.dll
0x00007ffffc320000 - 0x00007ffffc347000 	C:\Windows\SYSTEM32\WINMM.dll
0x00007ffffeb30000 - 0x00007ffffeb3a000 	C:\Windows\SYSTEM32\VERSION.dll
0x00007ff8090c0000 - 0x00007ff80912b000 	C:\Windows\System32\WS2_32.dll
0x00007ff800d10000 - 0x00007ff800d1f000 	C:\Program Files\Android\Android Studio\jre\jre\bin\verify.dll
0x00007ff800ce0000 - 0x00007ff800d09000 	C:\Program Files\Android\Android Studio\jre\jre\bin\java.dll
0x00007ff800750000 - 0x00007ff800766000 	C:\Program Files\Android\Android Studio\jre\jre\bin\zip.dll
0x00007ff8082e0000 - 0x00007ff808a22000 	C:\Windows\System32\SHELL32.dll
0x00007ff804b00000 - 0x00007ff805290000 	C:\Windows\SYSTEM32\windows.storage.dll
0x00007ff807990000 - 0x00007ff807ce6000 	C:\Windows\System32\combase.dll
0x00007ff806340000 - 0x00007ff80636c000 	C:\Windows\SYSTEM32\Wldp.dll
0x00007ff808000000 - 0x00007ff8080ae000 	C:\Windows\System32\SHCORE.dll
0x00007ff8091d0000 - 0x00007ff809225000 	C:\Windows\System32\shlwapi.dll
0x00007ff8068e0000 - 0x00007ff806906000 	C:\Windows\SYSTEM32\profapi.dll
0x00007fffffa50000 - 0x00007fffffa6a000 	C:\Program Files\Android\Android Studio\jre\jre\bin\net.dll
0x00007ff8060c0000 - 0x00007ff80612a000 	C:\Windows\system32\mswsock.dll
0x00007fffff930000 - 0x00007fffff943000 	C:\Program Files\Android\Android Studio\jre\jre\bin\nio.dll
0x00007ffff96a0000 - 0x00007ffff96c7000 	C:\Users\klemp\.gradle\native\f6784746aeab05261644944871eae4fe03e0ef1612fff0a4a95f87b438bc6780\windows-amd64\native-platform.dll
0x00007ff800c10000 - 0x00007ff800c1d000 	C:\Program Files\Android\Android Studio\jre\jre\bin\management.dll
0x00007ff8062a0000 - 0x00007ff8062b8000 	C:\Windows\SYSTEM32\CRYPTSP.dll
0x00007ff805a60000 - 0x00007ff805a94000 	C:\Windows\system32\rsaenh.dll
0x00007ff806f50000 - 0x00007ff806f77000 	C:\Windows\System32\bcrypt.dll
0x00007ff8068a0000 - 0x00007ff8068ce000 	C:\Windows\SYSTEM32\USERENV.dll
0x00007ff807250000 - 0x00007ff8072d0000 	C:\Windows\System32\bcryptprimitives.dll
0x00007ff806290000 - 0x00007ff80629c000 	C:\Windows\SYSTEM32\CRYPTBASE.dll
0x00007ff805db0000 - 0x00007ff805deb000 	C:\Windows\SYSTEM32\IPHLPAPI.DLL
0x00007ff807490000 - 0x00007ff807498000 	C:\Windows\System32\NSI.dll
0x00007fffff3b0000 - 0x00007fffff3c7000 	C:\Windows\SYSTEM32\dhcpcsvc6.DLL
0x00007ff800320000 - 0x00007ff80033d000 	C:\Windows\SYSTEM32\dhcpcsvc.DLL
0x00007ff805df0000 - 0x00007ff805ebb000 	C:\Windows\SYSTEM32\DNSAPI.dll
0x00007ff800500000 - 0x00007ff80050b000 	C:\Windows\SYSTEM32\WINNSI.DLL

VM Arguments:
jvm_args: -Xmx2048m -Dfile.encoding=UTF-8 -Duser.country=DE -Duser.language=de -Duser.variant 
java_command: org.gradle.launcher.daemon.bootstrap.GradleDaemon 6.5
java_class_path (initial): C:\Users\klemp\.gradle\wrapper\dists\gradle-6.5-all\2oz4ud9k3tuxjg84bbf55q0tn\gradle-6.5\lib\gradle-launcher-6.5.jar
Launcher Type: SUN_STANDARD

Environment Variables:
PATH=C:\Program Files (x86)\Common Files\Oracle\Java\javapath;C:\Python38\Scripts\;C:\Python38\;C:\Windows\system32;C:\Windows;C:\Windows\System32\Wbem;C:\Windows\System32\WindowsPowerShell\v1.0\;C:\Windows\System32\OpenSSH\;C:\Program Files\Git\cmd;C:\Program Files (x86)\Brackets\command;C:\Program Files\nodejs\;C:\ProgramData\chocolatey\bin;C:\Users\klemp\AppData\Local\Microsoft\WindowsApps;C:\Users\klemp\AppData\Local\GitHubDesktop\bin;C:\Users\klemp\AppData\Local\Programs\Microsoft VS Code\bin;C:\Users\klemp\AppData\Roaming\npm
USERNAME=klemp
OS=Windows_NT
PROCESSOR_IDENTIFIER=Intel64 Family 6 Model 61 Stepping 4, GenuineIntel



---------------  S Y S T E M  ---------------

OS: Windows 10.0 , 64 bit Build 19041 (10.0.19041.804)

CPU:total 4 (initial active 4) (2 cores per cpu, 2 threads per core) family 6 model 61 stepping 4, cmov, cx8, fxsr, mmx, sse, sse2, sse3, ssse3, sse4.1, sse4.2, popcnt, avx, avx2, aes, clmul, erms, 3dnowpref, lzcnt, ht, tsc, tscinvbit, bmi1, bmi2, adx

Memory: 4k page, physical 8301460k(298244k free), swap 33467284k(4116k free)

vm_info: OpenJDK 64-Bit Server VM (25.242-b01) for windows-amd64 JRE (1.8.0_242-release-1644-b01), built by "builder" with MS VC++ 10.0 (VS2010)

time: Sun Mar 14 19:48:25 2021
timezone: Mitteleuropäische Zeit
elapsed time: 68 seconds (0d 0h 1m 8s)

